c:\users\denis32\downloads\poker_v4\poker_v4\poker_v4\debug\poker_v4.pch
c:\users\denis32\downloads\poker_v4\poker_v4\poker_v4\debug\stdafx.obj
c:\users\denis32\downloads\poker_v4\poker_v4\poker_v4\debug\vc100.pdb
c:\users\denis32\downloads\poker_v4\poker_v4\poker_v4\debug\card.obj
c:\users\denis32\downloads\poker_v4\poker_v4\poker_v4\debug\const.obj
c:\users\denis32\downloads\poker_v4\poker_v4\poker_v4\debug\player.obj
c:\users\denis32\downloads\poker_v4\poker_v4\poker_v4\debug\game.obj
c:\users\denis32\downloads\poker_v4\poker_v4\poker_v4\debug\poker_v4.obj
c:\users\denis32\downloads\poker_v4\poker_v4\poker_v4\debug\deck.obj
c:\users\denis32\downloads\poker_v4\poker_v4\debug\poker_v4.ilk
c:\users\denis32\downloads\poker_v4\poker_v4\debug\poker_v4.exe
c:\users\denis32\downloads\poker_v4\poker_v4\poker_v4\debug\poker_v4.exe.intermediate.manifest
c:\users\denis32\downloads\poker_v4\poker_v4\debug\poker_v4.pdb
c:\users\denis32\downloads\poker_v4\poker_v4\poker_v4\debug\poker_v4.exe.embed.manifest
c:\users\denis32\downloads\poker_v4\poker_v4\poker_v4\debug\poker_v4.exe.embed.manifest.res
c:\users\denis32\desktop\poker_shvetsov_denis_fit_1\poker_v4\poker_v4\poker_v4\debug\poker_v4.vcxprojresolveassemblyreference.cache
c:\users\denis32\desktop\poker_shvetsov_denis_fit_1\poker_v4\poker_v4\poker_v4\debug\card.obj
c:\users\denis32\desktop\poker_shvetsov_denis_fit_1\poker_v4\poker_v4\poker_v4\debug\const.obj
c:\users\denis32\desktop\poker_shvetsov_denis_fit_1\poker_v4\poker_v4\poker_v4\debug\deck.obj
c:\users\denis32\desktop\poker_shvetsov_denis_fit_1\poker_v4\poker_v4\poker_v4\debug\game.obj
c:\users\denis32\desktop\poker_shvetsov_denis_fit_1\poker_v4\poker_v4\poker_v4\debug\player.obj
c:\users\denis32\desktop\poker_shvetsov_denis_fit_1\poker_v4\poker_v4\poker_v4\debug\poker_v4.obj
c:\users\denis32\desktop\poker_shvetsov_denis_fit_1\poker_v4\poker_v4\poker_v4\debug\stdafx.obj
c:\users\denis32\desktop\poker_shvetsov_denis_fit_1\poker_v4\poker_v4\poker_v4\debug\cl.command.1.tlog
c:\users\denis32\desktop\poker_shvetsov_denis_fit_1\poker_v4\poker_v4\poker_v4\debug\cl.read.1.tlog
c:\users\denis32\desktop\poker_shvetsov_denis_fit_1\poker_v4\poker_v4\poker_v4\debug\cl.write.1.tlog
c:\users\denis32\desktop\poker_shvetsov_denis_fit_1\poker_v4\poker_v4\poker_v4\debug\link-cvtres.read.1.tlog
c:\users\denis32\desktop\poker_shvetsov_denis_fit_1\poker_v4\poker_v4\poker_v4\debug\link-cvtres.write.1.tlog
c:\users\denis32\desktop\poker_shvetsov_denis_fit_1\poker_v4\poker_v4\poker_v4\debug\link.3096-cvtres.read.1.tlog
c:\users\denis32\desktop\poker_shvetsov_denis_fit_1\poker_v4\poker_v4\poker_v4\debug\link.3096-cvtres.write.1.tlog
c:\users\denis32\desktop\poker_shvetsov_denis_fit_1\poker_v4\poker_v4\poker_v4\debug\link.3096.read.1.tlog
c:\users\denis32\desktop\poker_shvetsov_denis_fit_1\poker_v4\poker_v4\poker_v4\debug\link.3096.write.1.tlog
c:\users\denis32\desktop\poker_shvetsov_denis_fit_1\poker_v4\poker_v4\poker_v4\debug\link.4140-cvtres.read.1.tlog
c:\users\denis32\desktop\poker_shvetsov_denis_fit_1\poker_v4\poker_v4\poker_v4\debug\link.4140-cvtres.write.1.tlog
c:\users\denis32\desktop\poker_shvetsov_denis_fit_1\poker_v4\poker_v4\poker_v4\debug\link.4140.read.1.tlog
c:\users\denis32\desktop\poker_shvetsov_denis_fit_1\poker_v4\poker_v4\poker_v4\debug\link.4140.write.1.tlog
c:\users\denis32\desktop\poker_shvetsov_denis_fit_1\poker_v4\poker_v4\poker_v4\debug\link.5232-cvtres.read.1.tlog
c:\users\denis32\desktop\poker_shvetsov_denis_fit_1\poker_v4\poker_v4\poker_v4\debug\link.5232-cvtres.write.1.tlog
c:\users\denis32\desktop\poker_shvetsov_denis_fit_1\poker_v4\poker_v4\poker_v4\debug\link.5232.read.1.tlog
c:\users\denis32\desktop\poker_shvetsov_denis_fit_1\poker_v4\poker_v4\poker_v4\debug\link.5232.write.1.tlog
c:\users\denis32\desktop\poker_shvetsov_denis_fit_1\poker_v4\poker_v4\poker_v4\debug\link.5456-cvtres.read.1.tlog
c:\users\denis32\desktop\poker_shvetsov_denis_fit_1\poker_v4\poker_v4\poker_v4\debug\link.5456-cvtres.write.1.tlog
c:\users\denis32\desktop\poker_shvetsov_denis_fit_1\poker_v4\poker_v4\poker_v4\debug\link.5456.read.1.tlog
c:\users\denis32\desktop\poker_shvetsov_denis_fit_1\poker_v4\poker_v4\poker_v4\debug\link.5456.write.1.tlog
c:\users\denis32\desktop\poker_shvetsov_denis_fit_1\poker_v4\poker_v4\poker_v4\debug\link.6568-cvtres.read.1.tlog
c:\users\denis32\desktop\poker_shvetsov_denis_fit_1\poker_v4\poker_v4\poker_v4\debug\link.6568-cvtres.write.1.tlog
c:\users\denis32\desktop\poker_shvetsov_denis_fit_1\poker_v4\poker_v4\poker_v4\debug\link.6568.read.1.tlog
c:\users\denis32\desktop\poker_shvetsov_denis_fit_1\poker_v4\poker_v4\poker_v4\debug\link.6568.write.1.tlog
c:\users\denis32\desktop\poker_shvetsov_denis_fit_1\poker_v4\poker_v4\poker_v4\debug\link.6808-cvtres.read.1.tlog
c:\users\denis32\desktop\poker_shvetsov_denis_fit_1\poker_v4\poker_v4\poker_v4\debug\link.6808-cvtres.write.1.tlog
c:\users\denis32\desktop\poker_shvetsov_denis_fit_1\poker_v4\poker_v4\poker_v4\debug\link.6808.read.1.tlog
c:\users\denis32\desktop\poker_shvetsov_denis_fit_1\poker_v4\poker_v4\poker_v4\debug\link.6808.write.1.tlog
c:\users\denis32\desktop\poker_shvetsov_denis_fit_1\poker_v4\poker_v4\poker_v4\debug\link.6820-cvtres.read.1.tlog
c:\users\denis32\desktop\poker_shvetsov_denis_fit_1\poker_v4\poker_v4\poker_v4\debug\link.6820-cvtres.write.1.tlog
c:\users\denis32\desktop\poker_shvetsov_denis_fit_1\poker_v4\poker_v4\poker_v4\debug\link.6820.read.1.tlog
c:\users\denis32\desktop\poker_shvetsov_denis_fit_1\poker_v4\poker_v4\poker_v4\debug\link.6820.write.1.tlog
c:\users\denis32\desktop\poker_shvetsov_denis_fit_1\poker_v4\poker_v4\poker_v4\debug\link.6896-cvtres.read.1.tlog
c:\users\denis32\desktop\poker_shvetsov_denis_fit_1\poker_v4\poker_v4\poker_v4\debug\link.6896-cvtres.write.1.tlog
c:\users\denis32\desktop\poker_shvetsov_denis_fit_1\poker_v4\poker_v4\poker_v4\debug\link.6896.read.1.tlog
c:\users\denis32\desktop\poker_shvetsov_denis_fit_1\poker_v4\poker_v4\poker_v4\debug\link.6896.write.1.tlog
c:\users\denis32\desktop\poker_shvetsov_denis_fit_1\poker_v4\poker_v4\poker_v4\debug\link.7156-cvtres.read.1.tlog
c:\users\denis32\desktop\poker_shvetsov_denis_fit_1\poker_v4\poker_v4\poker_v4\debug\link.7156-cvtres.write.1.tlog
c:\users\denis32\desktop\poker_shvetsov_denis_fit_1\poker_v4\poker_v4\poker_v4\debug\link.7156.read.1.tlog
c:\users\denis32\desktop\poker_shvetsov_denis_fit_1\poker_v4\poker_v4\poker_v4\debug\link.7156.write.1.tlog
c:\users\denis32\desktop\poker_shvetsov_denis_fit_1\poker_v4\poker_v4\poker_v4\debug\link.command.1.tlog
c:\users\denis32\desktop\poker_shvetsov_denis_fit_1\poker_v4\poker_v4\poker_v4\debug\link.read.1.tlog
c:\users\denis32\desktop\poker_shvetsov_denis_fit_1\poker_v4\poker_v4\poker_v4\debug\link.write.1.tlog
c:\users\denis32\desktop\poker_shvetsov_denis_fit_1\poker_v4\poker_v4\poker_v4\debug\mt.command.1.tlog
c:\users\denis32\desktop\poker_shvetsov_denis_fit_1\poker_v4\poker_v4\poker_v4\debug\mt.read.1.tlog
c:\users\denis32\desktop\poker_shvetsov_denis_fit_1\poker_v4\poker_v4\poker_v4\debug\mt.write.1.tlog
c:\users\denis32\desktop\poker_shvetsov_denis_fit_1\poker_v4\poker_v4\poker_v4\debug\poker_v4.write.1.tlog
c:\users\denis32\desktop\poker_shvetsov_denis_fit_1\poker_v4\poker_v4\poker_v4\debug\rc.command.1.tlog
c:\users\denis32\desktop\poker_shvetsov_denis_fit_1\poker_v4\poker_v4\poker_v4\debug\rc.read.1.tlog
c:\users\denis32\desktop\poker_shvetsov_denis_fit_1\poker_v4\poker_v4\poker_v4\debug\rc.write.1.tlog
c:\users\denis32\desktop\poker_shvetsov_denis_fit_1\poker_v4\poker_v4\poker_v4\debug\poker_v4.exe.embed.manifest
c:\users\denis32\desktop\poker_shvetsov_denis_fit_1\poker_v4\poker_v4\poker_v4\debug\poker_v4.exe.intermediate.manifest
c:\users\denis32\desktop\poker_shvetsov_denis_fit_1\poker_v4\poker_v4\poker_v4\debug\poker_v4.exe.embed.manifest.res
c:\users\denis32\desktop\poker_shvetsov_denis_fit_1\poker_v4\poker_v4\poker_v4\debug\poker_v4.pch
c:\users\denis32\desktop\poker_shvetsov_denis_fit_1\poker_v4\poker_v4\poker_v4\debug\vc100.idb
c:\users\denis32\desktop\poker_shvetsov_denis_fit_1\poker_v4\poker_v4\poker_v4\debug\vc100.pdb
c:\users\denis32\desktop\poker_shvetsov_denis_fit_1\poker_v4\poker_v4\poker_v4\debug\poker_v4_manifest.rc
c:\users\denis32\desktop\poker_shvetsov_denis_fit_1\poker_v4\poker_v4\debug\poker_v4.pdb
c:\users\denis32\desktop\poker_shvetsov_denis_fit_1\poker_v4\poker_v4\debug\poker_v4.exe
c:\users\denis32\desktop\poker_shvetsov_denis_fit_1\poker_v4\poker_v4\debug\poker_v4.ilk
